warning: Git tree '/project/builds/hammer_build_zope2_4.0/build' is dirty
error:
       … while evaluating the attribute 'pkgs.app'
         at /nix/store/wzx1ba5hqqfa23vfrvqmfmkpj25p37mr-source/pkgs/development/interpreters/python/passthrufun.nix:87:5:
           86|     withPackages = import ./with-packages.nix { inherit buildEnv pythonPackages;};
           87|     pkgs = pythonPackages;
             |     ^
           88|     interpreter = "${self}/bin/${executable}";

       … while calling the 'mapAttrs' builtin
         at /nix/store/wzx1ba5hqqfa23vfrvqmfmkpj25p37mr-source/pkgs/development/interpreters/python/passthrufun.nix:31:8:
           30|           value;
           31|     in lib.mapAttrs func items;
             |        ^
           32|   in ensurePythonModules (callPackage

       (stack trace truncated; use '--show-trace' to show the full, detailed trace)

       error: attribute 'zope-testbrowser' missing
       at /nix/store/73lvdl7shz5ii6vy8vgbiys1wbfvh4hs-source/lib/lock1.nix:115:96:
          114|                 (
          115|                   dep: filter (package: dep.version == null || dep.version == package.version) candidates.${dep.name}
             |                                                                                                ^
          116|                 )
